------
------
--BW--
--WB--
------
------
------
------
-BBW--
--WB--
------
------
------
---W--
-BBW--
--WB--
------
------
------
---W--
-BBBB-
--WB--
------
------
------
---W--
-BWBB-
-WWB--
------
------
------
---W--
-BWBB-
-WBB--
---B--
------
------
---W--
-BWBB-
-WWB--
--WB--
------
------
---W--
-BWBB-
BBBB--
--WB--
------
------
---W--
WWWBB-
BWBB--
--WB--
------
------
B--W--
BBWBB-
BWBB--
--WB--
------
------
B--W--
BBWBB-
BWWWW-
--WB--
------
------
B--W--
BBWBB-
BBBBBB
--WB--
------
------
B--W--
BBWWB-
BBBWBB
--WW--
---W--
------
B-BW--
BBBBB-
BBBWBB
--WW--
---W--
------
BWWW--
BBWBB-
BBBWBB
--WW--
---W--
------
BWWW--
BBWBB-
BBBWBB
--BB--
--BW--
------
BWWW--
BBWBB-
BBBWBB
--WB--
-WWW--
------
BWWW--
BBWBB-
BBBWBB
-BBB--
-WWW--
------
BWWW-W
BBWBW-
BBBWBB
-BBB--
-WWW--
---B--
BWBB-W
BBWBW-
BBBWBB
-BBB--
-WWW--
--WB--
BWWW-W
BBWBW-
BBBWBB
-BBB--
-WWW--
--WBB-
BWWB-W
BBBBW-
BBBWBB
-BBB--
-WWW--
--WWWW
BWWB-W
BBBBW-
BBBWBB
-BBB--
-WWW--
B-WWWW
BBWB-W
BBBBW-
BBBWBB
-BBB--
-WWW--
B-WWWW
BBWWWW
BBBBW-
BBBWBB
-BBB--
-WWW--
BBWWWW
BBBWWW
BBBBW-
BBBWBB
-BBB--
-WWW--
BBWWWW
BBBWWW
BBBBWW
BBBWWB
-BBW--
-WWW--
BBWWWW
BBBWWW
BBBBWW
BBBBWB
-BBBB-
-WWW--
BBWWWW
BBBWWW
BBBBWW
BBBBWW
-BBBBW
-WWW--
BBWWWW
BBBWWW
BBBBWW
BBBBWW
-BBBBW
BWWW--
BBWWWW
BBBWWW
BBWBWW
BWBBWW
WWWWWW
BWWW--
BBWWWW
BBBWWW
BBWBWW
BWBBWW
WWWBWW
BBBBB-
BBWWWW
BBBWWW
BBWBWW
BWBBWW
WWWBWW
BBBBBW
White wins!
