2018/09/01 0400 1000
2018/09/02 0430 900
2018/09/03 0500 120
2018/09/04 0530 90
2018/09/05 0600 60
2018/09/06 0630 30
2018/09/06 2000 239
2018/09/06 2100 179
2018/09/07 2200 119
2018/09/08 2300 59
2018/09/09 0000 1439
2018/09/10 0100 5
2018/09/11 0200 10
2018/09/12 0300 15
2018/09/13 0645 15
2018/09/14 0659 1
2018/09/26 0000 420
2018/09/29 1000 420
2018/09/30 1000 420
2018/09/01 0400 1000
2018/09/02 0430 900
2018/09/03 0500 120
2018/09/04 0530 90
2018/09/05 0600 60
2018/09/06 0630 30
2018/09/06 2000 239
2018/09/06 2100 179
2018/09/07 2200 119
2018/09/08 2300 59
2018/09/09 0000 1439
2018/09/10 0100 5
2018/09/11 0200 10
2018/09/12 0300 15
2018/09/13 0645 15
2018/09/14 0659 1
2018/09/26 0000 420
2018/09/29 1000 420
2018/09/30 1000 420

Day time minutes: 0
Total cost $25.00
