2018/09/01 0000 1439
2018/09/02 0000 1439
2018/09/03 0659 6
2018/09/04 1755 16
2018/09/05 0659 6
2018/09/06 1755 16
2018/09/07 0659 6
2018/09/08 0000 1439
2018/09/09 0000 1439
2018/09/10 1755 16
2018/09/11 0659 6
2018/09/12 1755 16
2018/09/13 0659 16
2018/09/14 1755 16
2018/09/15 0000 1439
2018/09/16 0000 1439
2018/09/17 0659 16
2018/09/18 1755 16
2018/09/19 0659 16
2018/09/20 1755 16
2018/09/21 0659 16
2018/09/22 0000 1439
2018/09/23 0000 1439
2018/09/24 1755 16
2018/09/25 0659 16
2018/09/26 1755 16
2018/09/27 0659 16
2018/09/28 1755 16
2018/09/29 0000 1439
2018/09/30 0000 1439

Day time minutes: 160
Total cost $30.00
