------
------
--BW--
--WB--
------
------
------
------
-BBW--
--WB--
------
------
------
------
WWWW--
--WB--
------
------
------
------
WWWW--
--WB--
--B---
------
-W----
------
WWWW--
--WB--
--B---
------
-W----
------
WWWW--
-BBB--
--B---
------
-W----
------
WWWW--
-BBB-W
--B---
------
-W----
B-----
WBWW--
-BBB-W
--B---
------
-W----
B-----
WBWW--
-WBB-W
--W---
---W--
-W----
B-----
WBWW--
-WBB-W
B-W---
---W--
-W----
B-----
WBWW--
-WBB-W
B-W---
W--W--
-W----
B-----
WBWW--
-WBB-W
B-W-B-
W--W--
-W----
B-----
WBWW--
-WBW-W
B-W-W-
W--W-W
-W----
BB----
WBWW--
-WBW-W
B-W-W-
W--W-W
-W----
BBW---
WBWW--
-WBW-W
B-W-W-
W--W-W
BW----
BBW---
WBWW--
-WBW-W
B-W-W-
W--W-W
BW----
BBW---
WBWW--
-WWW-W
BWW-W-
W--W-W
BW----
BBW---
WBWW--
-WWW-W
BWW-WB
W--W-W
BW---W
BBW---
WBWW--
-WWW-W
BWW-WB
W--W-W
BW---W
BBW---
WBWW--
-WWW-W
BWW-WB
W--WBW
BW---W
BBW---
WBWW--
-WWW-W
BWW-WB
W-WWBW
BW---W
BBW---
WBWW--
-WBW-W
BBBBBB
W-WWBW
BW---W
BBW---
WBWW--
-WBW-W
BWWBBB
WWWWBW
BW-B-W
BBB---
WBWW--
-WBW-W
BWWBBB
WWWWBW
BW-B-W
BBB---
WBWW--
-WBWWW
BWWWBB
WWWWBW
BW-B-W
BBB---
WBBBB-
-WBWBW
BWWWBB
WWWWBW
BW-B-W
BBB--W
WBBBW-
-WBWBW
BWWWBB
WWWWBW
BW-B-W
BBB--W
WBBBBB
-WBWBB
BWWWBB
WWWWBW
BW-B-W
BBB--W
WBBBBB
WWBWBB
WWWWBB
WWWWBW
BBBB-W
BBB--W
WBBBBB
WWBWBB
WWWWBB
WWWWBW
BBBBWW
BBB--W
WBBBBB
WWBWBB
WWWWBB
WWWWBW
BBBBWW
BBB-BW
WBBBBB
WWBWBB
WWWWBB
WWWWBW
BBBBWW
BBBWWW
WBWWBB
WWBWBB
WWWWBB
WWWWBW
White wins!
