Dimensions: 0x0
Number of rectangles: 0
Dimensions: 0x0
Number of rectangles: 0
Dimensions: 35x35
Number of rectangles: 6
	[Blue (0,0) 1x3]
	[Red (0,0) 2x2]
	[Green (0,0) 3x1]
	[Green (8,9) 10x11]
	[White (12,13) 14x15]
	[Yellow (16,17) 18x19]
Dimensions: 18x108
Number of rectangles: 4
	[White (0,1) 2x3]
	[Yellow (9,9) 9x99]
	[Blue (0,1) 2x3]
	[Red (4,5) 6x7]
Dimensions: 0x0
Number of rectangles: 0
[Green (8,9) 10x11]
[Blue (0,1) 2x3]
Dimensions: 0x0
Number of rectangles: 0
Dimensions: 0x0
Number of rectangles: 0
Dimensions: 35x35
Number of rectangles: 6
	[Blue (0,0) 1x3]
	[Red (0,0) 2x2]
	[Green (0,0) 3x1]
	[Green (8,9) 10x11]
	[White (12,13) 14x15]
	[Yellow (16,17) 18x19]
Dimensions: 18x108
Number of rectangles: 4
	[White (0,1) 2x3]
	[Yellow (9,9) 9x99]
	[Blue (0,1) 2x3]
	[Red (4,5) 6x7]
Dimensions: 0x0
Number of rectangles: 0
[Green (8,9) 10x11]
[Blue (0,1) 2x3]
Dimensions: 0x0
Number of rectangles: 0
Dimensions: 0x0
Number of rectangles: 0
Dimensions: 0x0
Number of rectangles: 0
Dimensions: 0x0
Number of rectangles: 0
Dimensions: 0x0
Number of rectangles: 0
