Dimensions: 0x0
Number of rectangles: 0
Dimensions: 0x0
Number of rectangles: 0
Dimensions: 0x0
Number of rectangles: 0
Dimensions: 0x0
Number of rectangles: 0
Dimensions: 0x0
Number of rectangles: 0
Dimensions: 1x3
Number of rectangles: 1
	[Blue (0,0) 1x3]
Dimensions: 2x2
Number of rectangles: 1
	[Red (0,0) 2x2]
Dimensions: 3x1
Number of rectangles: 1
	[Green (0,0) 3x1]
Dimensions: 3x3
Number of rectangles: 1
	[White (0,1) 2x3]
Dimensions: 18x108
Number of rectangles: 1
	[Yellow (9,9) 9x99]
Dimensions: 35x35
Number of rectangles: 2
	[Blue (0,0) 1x3]
	[Yellow (16,17) 18x19]
Dimensions: 27x27
Number of rectangles: 2
	[Red (0,0) 2x2]
	[White (12,13) 14x15]
Dimensions: 19x19
Number of rectangles: 2
	[Green (0,0) 3x1]
	[Green (8,9) 10x11]
Dimensions: 11x11
Number of rectangles: 2
	[White (0,1) 2x3]
	[Red (4,5) 6x7]
Dimensions: 18x108
Number of rectangles: 2
	[Yellow (9,9) 9x99]
	[Blue (0,1) 2x3]
Dimensions: 1x3
Number of rectangles: 1
	[Blue (0,0) 1x3]
Dimensions: 2x2
Number of rectangles: 1
	[Red (0,0) 2x2]
Dimensions: 3x1
Number of rectangles: 1
	[Green (0,0) 3x1]
Dimensions: 11x11
Number of rectangles: 1
	[Red (4,5) 6x7]
Dimensions: 18x108
Number of rectangles: 1
	[Yellow (9,9) 9x99]
