Dimensions: 0x0
Number of rectangles: 0
Dimensions: 0x0
Number of rectangles: 0
Dimensions: 19x15
Number of rectangles: 6
	[Blue (0,0) 1x3]
	[Red (0,0) 2x2]
	[Green (0,0) 3x1]
	[Green (8,9) 10x1]
	[White (2,3) 4x5]
	[Yellow (6,7) 8x9]
Dimensions: 18x18
Number of rectangles: 4
	[White (0,1) 2x3]
	[Yellow (9,9) 9x9]
	[Blue (0,1) 2x3]
	[Red (4,5) 6x7]
Dimensions: 0x0
Number of rectangles: 0
temporary canvas
Dimensions: 30x35
Number of rectangles: 7
	[Red (0,0) 2x2]
	[Green (0,0) 3x1]
	[Green (8,9) 10x1]
	[White (2,3) 4x5]
	[Yellow (6,7) 8x9]
	[Yellow (20,20) 5x15]
	[Blue (0,20) 10x30]
temporary canvas
Dimensions: 30x35
Number of rectangles: 2
	[Yellow (20,20) 5x15]
	[Blue (0,20) 10x30]
temporary canvas
Dimensions: 30x35
Number of rectangles: 5
	[Yellow (9,9) 9x9]
	[Blue (0,1) 2x3]
	[Red (4,5) 6x7]
	[Yellow (20,20) 5x15]
	[Blue (0,20) 10x30]
temporary canvas
Dimensions: 30x35
Number of rectangles: 2
	[Yellow (20,20) 5x15]
	[Blue (0,20) 10x30]
temporary canvas
Dimensions: 30x30
Number of rectangles: 1
	[Blue (0,20) 10x30]
Dimensions: 19x15
Number of rectangles: 6
	[Blue (0,0) 1x3]
	[Red (0,0) 2x2]
	[Green (0,0) 3x1]
	[Green (8,9) 10x1]
	[White (2,3) 4x5]
	[Yellow (6,7) 8x9]
Dimensions: 30x35
Number of rectangles: 2
	[Yellow (20,20) 5x15]
	[Blue (0,20) 10x30]
Dimensions: 0x0
Number of rectangles: 0
Dimensions: 18x18
Number of rectangles: 4
	[White (0,1) 2x3]
	[Yellow (9,9) 9x9]
	[Blue (0,1) 2x3]
	[Red (4,5) 6x7]
Dimensions: 0x0
Number of rectangles: 0
